<?xml version="1.0" encoding="utf-8"?><testsuites name="pytest tests"><testsuite name="pytest" errors="0" failures="0" skipped="0" tests="11" time="22.754" timestamp="2026-07-01T15:49:38.148844+00:00" hostname="agent-env-b3256f4b-eaba-47ed-8c18-25646202870e"><testcase classname="backend.tests.test_new_features.TestEnergy" name="test_energy_fresh_guest_full" time="0.304" /><testcase classname="backend.tests.test_new_features.TestEnergy" name="test_energy_depletes_after_session" time="0.235" /><testcase classname="backend.tests.test_new_features.TestHomeStatus" name="test_home_status_fresh_guest" time="0.119" /><testcase classname="backend.tests.test_new_features.TestHomeStatus" name="test_home_status_plain_unlocks_after_track" time="5.342" /><testcase classname="backend.tests.test_new_features.TestFreePlay" name="test_free_play_with_text" time="7.956" /><testcase classname="backend.tests.test_new_features.TestFreePlay" name="test_free_play_with_material_id" time="7.621" /><testcase classname="backend.tests.test_new_features.TestFreePlay" name="test_free_play_material_not_found" time="0.246" /><testcase classname="backend.tests.test_new_features.TestFreePlay" name="test_free_play_no_input" time="0.138" /><testcase classname="backend.tests.test_new_features.TestRegression" name="test_auth_me_401_for_guest" time="0.106" /><testcase classname="backend.tests.test_new_features.TestRegression" name="test_daily_queue_works" time="0.176" /><testcase classname="backend.tests.test_new_features.TestRegression" name="test_materials_crud" time="0.183" /></testsuite></testsuites>