<?xml version="1.0" encoding="utf-8"?><testsuites name="pytest tests"><testsuite name="pytest" errors="0" failures="0" skipped="0" tests="11" time="50.631" timestamp="2026-07-01T11:11:01.078271+00:00" hostname="agent-env-b3256f4b-eaba-47ed-8c18-25646202870e"><testcase classname="backend.tests.test_backend" name="test_root" time="0.240" /><testcase classname="backend.tests.test_backend" name="test_auth_me_unauth" time="0.125" /><testcase classname="backend.tests.test_backend" name="test_create_material" time="0.061" /><testcase classname="backend.tests.test_backend" name="test_generate_game" time="7.471" /><testcase classname="backend.tests.test_backend" name="test_tracks_create_standard" time="4.717" /><testcase classname="backend.tests.test_backend" name="test_tracks_urgency_survival" time="7.501" /><testcase classname="backend.tests.test_backend" name="test_tracks_urgency_emergency" time="8.626" /><testcase classname="backend.tests.test_backend" name="test_tracks_urgency_cram" time="7.434" /><testcase classname="backend.tests.test_backend" name="test_tracks_battle" time="6.500" /><testcase classname="backend.tests.test_backend" name="test_timeout_resilience_huge_text" time="7.549" /><testcase classname="backend.tests.test_backend" name="test_game_sessions" time="0.108" /></testsuite></testsuites>