<?xml version="1.0" encoding="utf-8"?><testsuites name="pytest tests"><testsuite name="pytest" errors="0" failures="0" skipped="0" tests="29" time="115.184" timestamp="2026-07-01T16:20:09.026511+00:00" hostname="agent-env-b3256f4b-eaba-47ed-8c18-25646202870e"><testcase classname="backend.tests.test_backend" name="test_root" time="0.147" /><testcase classname="backend.tests.test_backend" name="test_auth_me_unauth" time="0.155" /><testcase classname="backend.tests.test_backend" name="test_create_material" time="0.053" /><testcase classname="backend.tests.test_backend" name="test_generate_game" time="7.205" /><testcase classname="backend.tests.test_backend" name="test_tracks_create_standard" time="4.467" /><testcase classname="backend.tests.test_backend" name="test_tracks_urgency_survival" time="7.640" /><testcase classname="backend.tests.test_backend" name="test_tracks_urgency_emergency" time="9.390" /><testcase classname="backend.tests.test_backend" name="test_tracks_urgency_cram" time="5.970" /><testcase classname="backend.tests.test_backend" name="test_tracks_battle" time="9.070" /><testcase classname="backend.tests.test_backend" name="test_timeout_resilience_huge_text" time="7.174" /><testcase classname="backend.tests.test_backend" name="test_game_sessions" time="0.129" /><testcase classname="backend.tests.test_iter4_regression.TestReviewsAndFollowUps" name="test_reviews_records_unit_review" time="24.104" /><testcase classname="backend.tests.test_iter4_regression.TestReviewsAndFollowUps" name="test_reviews_unknown_unit_returns_404" time="0.145" /><testcase classname="backend.tests.test_iter4_regression.TestReviewsAndFollowUps" name="test_follow_ups_empty_for_fresh_guest" time="0.100" /><testcase classname="backend.tests.test_iter4_regression.TestDailyBattle" name="test_daily_battle_no_tracks_returns_400_or_empty" time="0.103" /><testcase classname="backend.tests.test_iter4_regression.TestDailyBattle" name="test_daily_battle_after_track_creation" time="15.374" /><testcase classname="backend.tests.test_iter4_regression.TestHomeStatusSessions" name="test_recent_sessions_have_session_id" time="0.246" /><testcase classname="backend.tests.test_iter4_regression.TestMaterialsListKey" name="test_materials_return_material_id" time="0.210" /><testcase classname="backend.tests.test_new_features.TestEnergy" name="test_energy_fresh_guest_full" time="0.327" /><testcase classname="backend.tests.test_new_features.TestEnergy" name="test_energy_depletes_after_session" time="0.215" /><testcase classname="backend.tests.test_new_features.TestHomeStatus" name="test_home_status_fresh_guest" time="0.118" /><testcase classname="backend.tests.test_new_features.TestHomeStatus" name="test_home_status_plain_unlocks_after_track" time="5.401" /><testcase classname="backend.tests.test_new_features.TestFreePlay" name="test_free_play_with_text" time="8.610" /><testcase classname="backend.tests.test_new_features.TestFreePlay" name="test_free_play_with_material_id" time="8.069" /><testcase classname="backend.tests.test_new_features.TestFreePlay" name="test_free_play_material_not_found" time="0.155" /><testcase classname="backend.tests.test_new_features.TestFreePlay" name="test_free_play_no_input" time="0.113" /><testcase classname="backend.tests.test_new_features.TestRegression" name="test_auth_me_401_for_guest" time="0.125" /><testcase classname="backend.tests.test_new_features.TestRegression" name="test_daily_queue_works" time="0.108" /><testcase classname="backend.tests.test_new_features.TestRegression" name="test_materials_crud" time="0.166" /></testsuite></testsuites>